<?xml version="1.0" encoding="UTF-8"?>
<!-- Generated by org.testng.reporters.JUnitReportReporter -->
<testsuite hostname="Rahnas-MacBook-Pro.local" failures="0" tests="4" name="com.qa.hubspot.tests.HomePageTest" time="1.029" errors="0" timestamp="2020-08-15T18:59:49 IST" skipped="0">
  <testcase classname="com.qa.hubspot.tests.HomePageTest" name="verifyHomePageTitleTest" time="0.016"/>
  <system-out/>
  <testcase classname="com.qa.hubspot.tests.HomePageTest" name="verifyHomePageAppLogo" time="0.058"/>
  <system-out/>
  <testcase classname="com.qa.hubspot.tests.HomePageTest" name="verifyHomePageHeaderValueTest" time="0.089"/>
  <system-out/>
  <testcase classname="com.qa.hubspot.tests.HomePageTest" name="verifySignout" time="0.866"/>
  <system-out/>
</testsuite> <!-- com.qa.hubspot.tests.HomePageTest -->
