<?xml version="1.0" encoding="UTF-8"?>
<!-- Generated by org.testng.reporters.JUnitReportReporter -->
<testsuite hostname="Rahnas-MacBook-Pro.local" failures="0" tests="5" name="com.qa.hubspot.tests.LoginPageTest" time="4.824" errors="0" timestamp="2020-08-12T06:24:51 IST" skipped="3">
  <testcase classname="com.qa.hubspot.tests.LoginPageTest" name="verifyLoginPageTitleTest" time="4.762"/>
  <system-out>
Test started--> verifyLoginPageTitleTest
 login page title is: HubSpot Login Test ended--> verifyLoginPageTitleTest  </system-out>
  <testcase classname="com.qa.hubspot.tests.LoginPageTest" name="verifySignUpLinkTest" time="0.062"/>
  <system-out/>
  <testcase classname="com.qa.hubspot.tests.LoginPageTest" name="verifyHomePageTitleTest">
    <skipped/>
  </testcase> <!-- verifyHomePageTitleTest -->
  <system-out/>
  <testcase classname="com.qa.hubspot.tests.LoginPageTest" name="verifyDataProvider">
    <skipped/>
  </testcase> <!-- verifyDataProvider -->
  <system-out/>
  <testcase classname="com.qa.hubspot.tests.LoginPageTest" name="verifyLoginTest">
    <skipped/>
  </testcase> <!-- verifyLoginTest -->
  <system-out/>
</testsuite> <!-- com.qa.hubspot.tests.LoginPageTest -->
