<?xml version="1.0" encoding="UTF-8"?>
<!-- Generated by org.testng.reporters.JUnitReportReporter -->
<testsuite hostname="Rahnas-MacBook-Pro.local" failures="0" tests="4" name="com.qa.hubspot.tests.HomePageTest" time="1.163" errors="0" timestamp="2020-08-12T06:24:51 IST" skipped="0">
  <testcase classname="com.qa.hubspot.tests.HomePageTest" name="verifyHomePageTitleTest" time="0.004"/>
  <system-out/>
  <testcase classname="com.qa.hubspot.tests.HomePageTest" name="verifyHomePageAppLogo" time="0.032"/>
  <system-out/>
  <testcase classname="com.qa.hubspot.tests.HomePageTest" name="verifyHomePageHeaderValueTest" time="0.078"/>
  <system-out/>
  <testcase classname="com.qa.hubspot.tests.HomePageTest" name="verifySignout" time="1.049"/>
  <system-out/>
</testsuite> <!-- com.qa.hubspot.tests.HomePageTest -->
