<?xml version="1.0" encoding="UTF-8"?>
<!-- Generated by org.testng.reporters.JUnitReportReporter -->
<testsuite hostname="Rahnas-MacBook-Pro.local" failures="0" tests="4" name="com.qa.hubspot.tests.HomePageTest" time="1.477" errors="0" timestamp="2020-08-14T06:09:56 IST" skipped="0">
  <testcase classname="com.qa.hubspot.tests.HomePageTest" name="verifyHomePageTitleTest" time="0.004"/>
  <system-out/>
  <testcase classname="com.qa.hubspot.tests.HomePageTest" name="verifyHomePageAppLogo" time="0.034"/>
  <system-out/>
  <testcase classname="com.qa.hubspot.tests.HomePageTest" name="verifyHomePageHeaderValueTest" time="0.080"/>
  <system-out/>
  <testcase classname="com.qa.hubspot.tests.HomePageTest" name="verifySignout" time="1.359"/>
  <system-out/>
</testsuite> <!-- com.qa.hubspot.tests.HomePageTest -->
