<?xml version="1.0" encoding="UTF-8"?>
<!-- Generated by org.testng.reporters.JUnitReportReporter -->
<testsuite hostname="Rahnas-MacBook-Pro.local" failures="0" tests="4" name="com.qa.hubspot.tests.HomePageTest" time="1.232" errors="0" timestamp="2020-08-20T07:30:17 IST" skipped="0">
  <testcase classname="com.qa.hubspot.tests.HomePageTest" name="verifyHomePageTitleTest" time="0.031"/>
  <system-out/>
  <testcase classname="com.qa.hubspot.tests.HomePageTest" name="verifyHomePageAppLogo" time="0.123"/>
  <system-out/>
  <testcase classname="com.qa.hubspot.tests.HomePageTest" name="verifyHomePageHeaderValueTest" time="0.222"/>
  <system-out/>
  <testcase classname="com.qa.hubspot.tests.HomePageTest" name="verifySignout" time="0.856"/>
  <system-out/>
</testsuite> <!-- com.qa.hubspot.tests.HomePageTest -->
